Jun 08, 2018 7:30:44 AM org.apache.catalina.core.ApplicationContext log
INFO: ContextListener: contextInitialized()
Jun 08, 2018 7:30:44 AM org.apache.catalina.core.ApplicationContext log
INFO: SessionListener: contextInitialized()
Jun 08, 2018 7:30:44 AM org.apache.catalina.core.ApplicationContext log
INFO: ContextListener: attributeAdded('StockTicker', 'async.Stockticker@1cd003d3')
Jun 08, 2018 7:30:44 AM org.apache.catalina.core.ApplicationContext log
INFO: ContextListener: attributeAdded('org.apache.jasper.compiler.TldLocationsCache', 'org.apache.jasper.compiler.TldLocationsCache@7a125e96')
Jun 08, 2018 7:32:48 AM org.apache.catalina.core.ApplicationContext log
INFO: SessionListener: contextDestroyed()
Jun 08, 2018 7:32:48 AM org.apache.catalina.core.ApplicationContext log
INFO: ContextListener: contextDestroyed()
Jun 08, 2018 7:32:52 AM org.apache.catalina.core.ApplicationContext log
INFO: ContextListener: contextInitialized()
Jun 08, 2018 7:32:52 AM org.apache.catalina.core.ApplicationContext log
INFO: SessionListener: contextInitialized()
Jun 08, 2018 7:32:52 AM org.apache.catalina.core.ApplicationContext log
INFO: ContextListener: attributeAdded('StockTicker', 'async.Stockticker@1756a987')
Jun 08, 2018 7:32:52 AM org.apache.catalina.core.ApplicationContext log
INFO: ContextListener: attributeAdded('org.apache.jasper.compiler.TldLocationsCache', 'org.apache.jasper.compiler.TldLocationsCache@4e78221e')
